c:\users\sp-root\documents\visual studio programs\365hw1\debug\vc140.pdb
c:\users\sp-root\documents\visual studio programs\365hw1\debug\vc140.idb
c:\users\sp-root\documents\visual studio programs\365hw1\debug\mainprogram.obj
c:\users\sp-root\documents\visual studio programs\365hw1\debug\stack.obj
c:\users\sp-root\documents\visual studio programs\365hw1\debug\reduction.obj
c:\users\sp-root\documents\visual studio programs\365hw1\debug\state0.obj
c:\users\sp-root\documents\visual studio programs\365hw1\debug\state1.obj
c:\users\sp-root\documents\visual studio programs\365hw1\debug\state10.obj
c:\users\sp-root\documents\visual studio programs\365hw1\debug\state11.obj
c:\users\sp-root\documents\visual studio programs\365hw1\debug\state2.obj
c:\users\sp-root\documents\visual studio programs\365hw1\debug\state3.obj
c:\users\sp-root\documents\visual studio programs\365hw1\debug\state4.obj
c:\users\sp-root\documents\visual studio programs\365hw1\debug\state5.obj
c:\users\sp-root\documents\visual studio programs\365hw1\debug\state6.obj
c:\users\sp-root\documents\visual studio programs\365hw1\debug\state7.obj
c:\users\sp-root\documents\visual studio programs\365hw1\debug\state8.obj
c:\users\sp-root\documents\visual studio programs\365hw1\debug\state9.obj
c:\users\sp-root\documents\visual studio programs\365hw1\debug\statemachine.obj
c:\users\sp-root\documents\visual studio programs\365hw1\debug\1.ilk
c:\users\sp-root\documents\visual studio programs\365hw1\debug\1.exe
c:\users\sp-root\documents\visual studio programs\365hw1\debug\1.pdb
c:\users\sp-root\documents\visual studio programs\365hw1\debug\1.tlog\cl.command.1.tlog
c:\users\sp-root\documents\visual studio programs\365hw1\debug\1.tlog\cl.read.1.tlog
c:\users\sp-root\documents\visual studio programs\365hw1\debug\1.tlog\cl.write.1.tlog
c:\users\sp-root\documents\visual studio programs\365hw1\debug\1.tlog\link.command.1.tlog
c:\users\sp-root\documents\visual studio programs\365hw1\debug\1.tlog\link.read.1.tlog
c:\users\sp-root\documents\visual studio programs\365hw1\debug\1.tlog\link.write.1.tlog
