Build started 9/22/2015 7:57:07 AM.
     1>Project "C:\Users\SP-Root\Documents\Visual Studio programs\365hw1\1.vcxproj" on node 2 (Build target(s)).
     1>ClCompile:
         C:\Program Files (x86)\Microsoft Visual Studio 14.0\VC\bin\CL.exe /c /Zi /nologo /W3 /WX- /Od /Oy- /D WIN32 /D _DEBUG /D _WINDOWS /Gm /EHsc /RTC1 /MDd /GS /fp:precise /Zc:wchar_t /Zc:forScope /Zc:inline /Fo"Debug\\" /Fd"Debug\vc140.pdb" /Gd /TC /analyze- /errorReport:prompt mainprogram.c stack.c reduction.c state0.c state1.c state10.c state11.c state2.c state3.c state4.c state5.c state6.c state7.c state8.c state9.c statemachine.c
         statemachine.c
         state9.c
         state8.c
         state7.c
         state6.c
         state5.c
         state4.c
         state3.c
         state2.c
         state11.c
         state10.c
         state1.c
         state0.c
         reduction.c
         stack.c
         mainprogram.c
         Generating Code...
       Link:
         C:\Program Files (x86)\Microsoft Visual Studio 14.0\VC\bin\link.exe /ERRORREPORT:PROMPT /OUT:"C:\Users\SP-Root\Documents\Visual Studio programs\365hw1\Debug\1.exe" /INCREMENTAL /NOLOGO kernel32.lib user32.lib gdi32.lib winspool.lib comdlg32.lib advapi32.lib shell32.lib ole32.lib oleaut32.lib uuid.lib odbc32.lib odbccp32.lib /MANIFEST /MANIFESTUAC:"level='asInvoker' uiAccess='false'" /manifest:embed /Debug /PDB:"C:\Users\SP-Root\Documents\Visual Studio programs\365hw1\Debug\1.pdb" /SUBSYSTEM:CONSOLE /TLBID:1 /DYNAMICBASE /NXCOMPAT /IMPLIB:"C:\Users\SP-Root\Documents\Visual Studio programs\365hw1\Debug\1.lib" /MACHINE:X86 Debug\mainprogram.obj
         Debug\stack.obj
         Debug\reduction.obj
         Debug\state0.obj
         Debug\state1.obj
         Debug\state10.obj
         Debug\state11.obj
         Debug\state2.obj
         Debug\state3.obj
         Debug\state4.obj
         Debug\state5.obj
         Debug\state6.obj
         Debug\state7.obj
         Debug\state8.obj
         Debug\state9.obj
         Debug\statemachine.obj
         1.vcxproj -> C:\Users\SP-Root\Documents\Visual Studio programs\365hw1\Debug\1.exe
     1>Done Building Project "C:\Users\SP-Root\Documents\Visual Studio programs\365hw1\1.vcxproj" (Build target(s)).

Build succeeded.

Time Elapsed 00:00:01.38
